  data_manager.cpp
  enemy_a.cpp
C:\Users\qwer1\2021\save_my_flag\save_my_flag\save_my_flag\enemy_a.h(2,10): fatal error C1083: 포함 파일을 열 수 없습니다. 'd3dx9.h': No such file or directory
  Fading.cpp
C:\Users\qwer1\2021\save_my_flag\save_my_flag\save_my_flag\global.h(3,10): fatal error C1083: 포함 파일을 열 수 없습니다. 'd3dx9.h': No such file or directory
  first_game_page.cpp
C:\Users\qwer1\2021\save_my_flag\save_my_flag\save_my_flag\first_game_page.h(3,10): fatal error C1083: 포함 파일을 열 수 없습니다. 'd3dx9.h': No such file or directory
  game_system.cpp
C:\Users\qwer1\2021\save_my_flag\save_my_flag\save_my_flag\tile.h(2,10): fatal error C1083: 포함 파일을 열 수 없습니다. 'd3dx9.h': No such file or directory
  gold.cpp
C:\Users\qwer1\2021\save_my_flag\save_my_flag\save_my_flag\gold.h(2,10): fatal error C1083: 포함 파일을 열 수 없습니다. 'd3dx9.h': No such file or directory
  page_manager.cpp
C:\Users\qwer1\2021\save_my_flag\save_my_flag\save_my_flag\global.h(3,10): fatal error C1083: 포함 파일을 열 수 없습니다. 'd3dx9.h': No such file or directory
  palyer.cpp
C:\Users\qwer1\2021\save_my_flag\save_my_flag\save_my_flag\global.h(3,10): fatal error C1083: 포함 파일을 열 수 없습니다. 'd3dx9.h': No such file or directory
  save_my_flag.cpp
C:\Users\qwer1\2021\save_my_flag\save_my_flag\save_my_flag\save_my_flag.cpp(10,10): fatal error C1083: 포함 파일을 열 수 없습니다. 'd3dx9.h': No such file or directory
  texture_manager.cpp
C:\Users\qwer1\2021\save_my_flag\save_my_flag\save_my_flag\texture_manager.h(2,10): fatal error C1083: 포함 파일을 열 수 없습니다. 'd3dx9.h': No such file or directory
  tile.cpp
C:\Users\qwer1\2021\save_my_flag\save_my_flag\save_my_flag\tile.h(2,10): fatal error C1083: 포함 파일을 열 수 없습니다. 'd3dx9.h': No such file or directory
  title_page.cpp
C:\Users\qwer1\2021\save_my_flag\save_my_flag\save_my_flag\title_page.h(3,10): fatal error C1083: 포함 파일을 열 수 없습니다. 'd3dx9.h': No such file or directory
  코드를 생성하고 있습니다...
